Flutter crash report.
Please report a bug at https://github.com/flutter/flutter/issues.

## command

flutter analyze

## exception

_Exception: Exception: analysis server exited with code 255 and output:
[stderr] #23     AnalysisDriver.performWork (package:analyzer/src/dart/analysis/driver.dart:1241:7)
[stderr] #24     AnalysisDriverScheduler._run (package:analyzer/src/dart/analysis/driver.dart:2659:24)
[stderr] <asynchronous suspension>
[stderr] 
[stderr] 
[stderr] #0      LibraryContext._throwLibraryCycleLinkException (package:analyzer/src/dart/analysis/library_context.dart:445:5)
[stderr] #1      LibraryContext._loadBundle (package:analyzer/src/dart/analysis/library_context.dart:330:9)
[stderr] #2      LibraryContext._loadBundle (package:analyzer/src/dart/analysis/library_context.dart:212:7)
[stderr] #3      LibraryContext._loadBundle (package:analyzer/src/dart/analysis/library_context.dart:212:7)
[stderr] #4      LibraryContext.load.<anonymous closure> (package:analyzer/src/dart/analysis/library_context.dart:145:7)
[stderr] #5      OperationPerformanceImpl.run (package:analyzer/src/util/performance/operation_performance.dart:180:23)
[stderr] #6      LibraryContext.load (package:analyzer/src/dart/analysis/library_context.dart:144:17)
[stderr] #7      AnalysisDriver._produceErrors.<anonymous closure>.<anonymous closure> (package:analyzer/src/dart/analysis/driver.dart:2080:24)
[stderr] #8      OperationPerformanceImpl.run (package:analyzer/src/util/performance/operation_performance.dart:180:23)
[stderr] #9      AnalysisDriver._produceErrors.<anonymous closure> (package:analyzer/src/dart/analysis/driver.dart:2079:19)
[stderr] #10     OperationPerformanceImpl.run (package:analyzer/src/util/performance/operation_performance.dart:180:23)
[stderr] #11     AnalysisDriver._produceErrors (package:analyzer/src/dart/analysis/driver.dart:2067:38)
[stderr] #12     AnalysisDriver.performWork (package:analyzer/src/dart/analysis/driver.dart:1241:7)
[stderr] #13     AnalysisDriverScheduler._run (package:analyzer/src/dart/analysis/driver.dart:2659:24)
[stderr] <asynchronous suspension>

```
```

## flutter doctor

```
[32m[✓][39m Flutter (Channel stable, 3.38.9, on Microsoft Windows [Version 10.0.22631.4460], locale en-IN)
    [334ms]
    [32m•[39m Flutter version 3.38.9 on channel stable at C:\src\flutter
    [32m•[39m Upstream repository https://github.com/flutter/flutter.git
    [32m•[39m Framework revision 67323de285 (4 months ago), 2026-01-28 13:43:12 -0800
    [32m•[39m Engine revision 587c18f873
    [32m•[39m Dart version 3.10.8
    [32m•[39m DevTools version 2.51.1
    [32m•[39m Feature flags: enable-web, enable-linux-desktop, enable-macos-desktop, enable-windows-desktop,
      enable-android, enable-ios, cli-animations, enable-native-assets, omit-legacy-version-file,
      enable-lldb-debugging

[32m[✓][39m Windows Version (11 Home Single Language 64-bit, 23H2, 2009) [3.6s]

[32m[✓][39m Android toolchain - develop for Android devices (Android SDK version 36.1.0) [3.1s]
    [32m•[39m Android SDK at C:\Users\khush\AppData\Local\Android\sdk
    [32m•[39m Emulator version 36.3.10.0 (build_id 14472402) (CL:N/A)
    [32m•[39m Platform android-36, build-tools 36.1.0
    [32m•[39m Java binary at: C:\Program Files\Android\Android Studio\jbr\bin\java
      This is the JDK bundled with the latest Android Studio installation on this machine.
      To manually set the JDK path, use: `flutter config --jdk-dir="path/to/jdk"`.
    [32m•[39m Java version OpenJDK Runtime Environment (build 21.0.8+-14196175-b1038.72)
    [32m•[39m All Android licenses accepted.

[32m[✓][39m Chrome - develop for the web [91ms]
    [32m•[39m Chrome at C:\Users\khush\AppData\Local\Google\Chrome\Application\chrome.exe

[32m[✓][39m Visual Studio - develop Windows apps (Visual Studio Community 2022 17.14.26) [90ms]
    [32m•[39m Visual Studio at C:\Program Files\Microsoft Visual Studio\2022\Community
    [32m•[39m Visual Studio Community 2022 version 17.14.36930.0
    [32m•[39m Windows 10 SDK version 10.0.26100.0

[32m[✓][39m Connected device (3 available) [318ms]
    [32m•[39m Windows (desktop) • windows • windows-x64    • Microsoft Windows [Version 10.0.22631.4460]
    [32m•[39m Chrome (web)      • chrome  • web-javascript • Google Chrome 148.0.7778.97
    [32m•[39m Edge (web)        • edge    • web-javascript • Microsoft Edge 147.0.3912.72

[32m[✓][39m Network resources [1,193ms]
    [32m•[39m All expected network resources are available.

[32m•[39m No issues found!
```
